<?xml version="1.0" encoding="UTF-8"?>
<!-- Generated by org.testng.reporters.JUnitReportReporter -->
<testsuite hostname="AIPLLTH486" failures="0" tests="1" name="Webdriver.Hellogoogle" time="12.652" errors="0" timestamp="2022-02-18T15:26:20 IST" skipped="0">
  <testcase classname="Webdriver.Hellogoogle" name="TestBrowser" time="12.652"/>
  <system-out/>
</testsuite> <!-- Webdriver.Hellogoogle -->
